2017/01/24 14:24:11 
--- BAD LINK ---
File: testfile.xml 
Link: http://www.isotc211.org/2005/gco 
Server Response: HTTP/1.1 301 Moved Permanently
Via: 1.1 140.90.160.232 (McAfee Web Gateway 7.6.2.2.0.21927)
Date: Tue, 24 Jan 2017 14:24:08 GMT
Server: nginx/1.10.2
Location: http://www.isotc211.org/2005/gco/
Connection: Keep-Alive
Content-Type: text/html; charset=iso-8859-1

 
2017/01/24 14:24:11 
--- BAD LINK ---
File: testfile.xml 
Link: http://www.isotc211.org/2005/gmd 
Server Response: HTTP/1.1 301 Moved Permanently
Via: 1.1 140.90.160.232 (McAfee Web Gateway 7.6.2.2.0.21927)
Date: Tue, 24 Jan 2017 14:24:08 GMT
Server: nginx/1.10.2
Location: http://www.isotc211.org/2005/gmd/
Connection: Keep-Alive
Content-Type: text/html; charset=iso-8859-1

 
2017/01/24 14:24:12 
--- BAD LINK ---
File: testfile.xml 
Link: http://www.isotc211.org/2005/srv 
Server Response: HTTP/1.1 404 Not Found
Via: 1.1 140.90.160.232 (McAfee Web Gateway 7.6.2.2.0.21927)
Date: Tue, 24 Jan 2017 14:24:08 GMT
Server: nginx/1.10.2
Connection: Keep-Alive
Content-Type: text/html; charset=iso-8859-1

 
2017/01/24 14:24:12 
--- BAD LINK ---
File: testfile.xml 
Link: http://www.opengis.net/gml/3.2 
Server Response: HTTP/1.1 302 Moved Temporarily
Via: 1.1 140.90.160.232 (McAfee Web Gateway 7.6.2.2.0.21927)
Date: Tue, 24 Jan 2017 14:24:12 GMT
Vary: Accept-Encoding
Server: 1060 NetKernel v3.3 - Powered by Jetty
X-Purl: 2.0; http://localhost:8080
Expires: Thu, 01 Jan 1970 00:00:00 GMT
Location: http://schemas.opengis.net/gml/3.2.1/gml.xsd
Connection: Keep-Alive
Content-Type: text/html; charset=iso-8859-1
Content-Length: 277

 
2017/01/24 14:24:12 
--- BAD LINK ---
File: testfile.xml 
Link: http://www.isotc211.org/2005/gsr 
Server Response: HTTP/1.1 301 Moved Permanently
Via: 1.1 140.90.160.232 (McAfee Web Gateway 7.6.2.2.0.21927)
Date: Tue, 24 Jan 2017 14:24:09 GMT
Server: nginx/1.10.2
Location: http://www.isotc211.org/2005/gsr/
Connection: Keep-Alive
Content-Type: text/html; charset=iso-8859-1

 
2017/01/24 14:24:13 
--- BAD LINK ---
File: testfile.xml 
Link: http://www.isotc211.org/2005/gss 
Server Response: HTTP/1.1 301 Moved Permanently
Via: 1.1 140.90.160.232 (McAfee Web Gateway 7.6.2.2.0.21927)
Date: Tue, 24 Jan 2017 14:24:09 GMT
Server: nginx/1.10.2
Location: http://www.isotc211.org/2005/gss/
Connection: Keep-Alive
Content-Type: text/html; charset=iso-8859-1

 
2017/01/24 14:24:13 
--- BAD LINK ---
File: testfile.xml 
Link: http://www.isotc211.org/2005/gts 
Server Response: HTTP/1.1 301 Moved Permanently
Via: 1.1 140.90.160.232 (McAfee Web Gateway 7.6.2.2.0.21927)
Date: Tue, 24 Jan 2017 14:24:10 GMT
Server: nginx/1.10.2
Location: http://www.isotc211.org/2005/gts/
Connection: Keep-Alive
Content-Type: text/html; charset=iso-8859-1

 
2017/01/24 14:24:13 
--- BAD LINK ---
File: testfile.xml 
Link: http://www.isotc211.org/2005/gmi 
Server Response: HTTP/1.1 301 Moved Permanently
Via: 1.1 140.90.160.232 (McAfee Web Gateway 7.6.2.2.0.21927)
Date: Tue, 24 Jan 2017 14:24:10 GMT
Server: nginx/1.10.2
Location: http://www.isotc211.org/2005/gmi/
Connection: Keep-Alive
Content-Type: text/html; charset=iso-8859-1

 
2017/01/24 14:24:13 
--- BAD LINK ---
File: testfile.xml 
Link: http://www.isotc211.org/2005/gmx 
Server Response: HTTP/1.1 301 Moved Permanently
Via: 1.1 140.90.160.232 (McAfee Web Gateway 7.6.2.2.0.21927)
Date: Tue, 24 Jan 2017 14:24:10 GMT
Server: nginx/1.10.2
Location: http://www.isotc211.org/2005/gmx/
Connection: Keep-Alive
Content-Type: text/html; charset=iso-8859-1

 
2017/01/24 14:24:14 
--- BAD LINK ---
File: testfile.xml 
Link: http://exslt.org/strings 
Server Response: HTTP/1.1 404 Not Found
Via: 1.1 140.90.160.232 (McAfee Web Gateway 7.6.2.2.0.21927)
Date: Tue, 24 Jan 2017 14:24:14 GMT
ETag: "58389366-247c"
Server: GitHub.com
Connection: Keep-Alive
Content-Type: text/html; charset=utf-8
Content-Length: 9340
X-GitHub-Request-Id: 92CB:2C513:39B6226:4BF2C8F:5887638E
Content-Security-Policy: default-src 'none'; style-src 'unsafe-inline'; img-src data:; connect-src 'self'
Access-Control-Allow-Origin: *

 
2017/01/24 14:24:14 
--- BAD LINK ---
File: testfile.xml 
Link: http://www.isotc211.org/2005/gmi 
Server Response: HTTP/1.1 301 Moved Permanently
Via: 1.1 140.90.160.232 (McAfee Web Gateway 7.6.2.2.0.21927)
Date: Tue, 24 Jan 2017 14:24:11 GMT
Server: nginx/1.10.2
Location: http://www.isotc211.org/2005/gmi/
Connection: Keep-Alive
Content-Type: text/html; charset=iso-8859-1

 
2017/01/24 14:24:15 
--- BAD LINK ---
File: testfile.xml 
Link: http://dx.doi.org/10.7289/V5QJ7F8R 
Server Response: HTTP/1.1 303 See Other
Via: 1.1 140.90.160.232 (McAfee Web Gateway 7.6.2.2.0.21927)
Date: Tue, 24 Jan 2017 14:24:14 GMT
Vary: Accept
Server: Apache-Coyote/1.1
Expires: Tue, 24 Jan 2017 14:41:02 GMT
Location: https://data.nodc.noaa.gov/cgi-bin/iso?id=gov.noaa.nodc:COAPS-SAMOS
Connection: Keep-Alive
Content-Type: text/html;charset=utf-8
Content-Length: 219

 
2017/01/24 14:24:15 
--- BAD LINK ---
File: testfile.xml 
Link: http://www.ncei.noaa.gov/ 
Server Response: HTTP/1.1 301 Moved Permanently
Date: Tue, 24 Jan 2017 14:24:15 GMT
Server: Apache
Location: https://www.ncei.noaa.gov/
Vary: Accept-Encoding
Connection: close
Content-Type: text/html; charset=iso-8859-1

 
2017/01/24 14:24:15 
--- BAD LINK ---
File: testfile.xml 
Link: http://www.ngdc.noaa.gov/metadata/published/xsd/schema/resources/Codelist/gmxCodelists.xml#CI_OnLineFunctionCode 
Server Response: HTTP/1.0 301 Moved Permanently
Date: Tue, 24 Jan 2017 14:24:15 GMT
Server: Apache
X-Frame-Options: SAMEORIGIN
Location: https://www.ngdc.noaa.gov/metadata/published/xsd/schema/resources/Codelist/gmxCodelists.xml
Connection: close
Content-Type: text/html; charset=iso-8859-1

 
2017/01/24 14:24:15 
--- BAD LINK ---
File: testfile.xml 
Link: http://www.ngdc.noaa.gov/metadata/published/xsd/schema/resources/Codelist/gmxCodelists.xml#CI_RoleCode 
Server Response: HTTP/1.0 301 Moved Permanently
Date: Tue, 24 Jan 2017 14:24:15 GMT
Server: Apache
X-Frame-Options: SAMEORIGIN
Location: https://www.ngdc.noaa.gov/metadata/published/xsd/schema/resources/Codelist/gmxCodelists.xml
Connection: close
Content-Type: text/html; charset=iso-8859-1

 
2017/01/24 14:24:17 
--- BAD LINK ---
File: testfile.xml 
Link: http://www.ngdc.noaa.gov/metadata/published/xsd/schema/resources/Codelist/gmxCodelists.xml#MD_KeywordTypeCode 
Server Response: HTTP/1.0 301 Moved Permanently
Date: Tue, 24 Jan 2017 14:24:17 GMT
Server: Apache
X-Frame-Options: SAMEORIGIN
Location: https://www.ngdc.noaa.gov/metadata/published/xsd/schema/resources/Codelist/gmxCodelists.xml
Connection: close
Content-Type: text/html; charset=iso-8859-1

 
2017/01/24 14:24:17 
--- BAD LINK ---
File: testfile.xml 
Link: http://www.ngdc.noaa.gov/metadata/published/xsd/schema/resources/Codelist/gmxCodelists.xml#CI_DateTypeCode 
Server Response: HTTP/1.0 301 Moved Permanently
Date: Tue, 24 Jan 2017 14:24:17 GMT
Server: Apache
X-Frame-Options: SAMEORIGIN
Location: https://www.ngdc.noaa.gov/metadata/published/xsd/schema/resources/Codelist/gmxCodelists.xml
Connection: close
Content-Type: text/html; charset=iso-8859-1

 
2017/01/24 14:24:17 
--- BAD LINK ---
File: testfile.xml 
Link: http://www.ngdc.noaa.gov/metadata/published/xsd/schema/resources/Codelist/gmxCodelists.xml#CI_OnLineFunctionCode 
Server Response: HTTP/1.0 301 Moved Permanently
Date: Tue, 24 Jan 2017 14:24:17 GMT
Server: Apache
X-Frame-Options: SAMEORIGIN
Location: https://www.ngdc.noaa.gov/metadata/published/xsd/schema/resources/Codelist/gmxCodelists.xml
Connection: close
Content-Type: text/html; charset=iso-8859-1

 
2017/01/24 14:24:17 
--- BAD LINK ---
File: testfile.xml 
Link: http://www.ngdc.noaa.gov/metadata/published/xsd/schema/resources/Codelist/gmxCodelists.xml#CI_RoleCode 
Server Response: HTTP/1.0 301 Moved Permanently
Date: Tue, 24 Jan 2017 14:24:17 GMT
Server: Apache
X-Frame-Options: SAMEORIGIN
Location: https://www.ngdc.noaa.gov/metadata/published/xsd/schema/resources/Codelist/gmxCodelists.xml
Connection: close
Content-Type: text/html; charset=iso-8859-1

 
2017/01/24 14:24:17 
--- BAD LINK ---
File: testfile.xml 
Link: http://www.nodc.noaa.gov/cgi-bin/OAS/prd/datatype/details/3 
Server Response: HTTP/1.1 302 Found
Date: Tue, 24 Jan 2017 14:24:17 GMT
Server: Apache
Location: https://www.nodc.noaa.gov/cgi-bin/OAS/prd/datatype/details/3
Content-Type: text/html; charset=iso-8859-1

 
2017/01/24 14:24:18 
--- BAD LINK ---
File: testfile.xml 
Link: http://www.ngdc.noaa.gov/metadata/published/xsd/schema/resources/Codelist/gmxCodelists.xml#MD_KeywordTypeCode 
Server Response: HTTP/1.0 301 Moved Permanently
Date: Tue, 24 Jan 2017 14:24:18 GMT
Server: Apache
X-Frame-Options: SAMEORIGIN
Location: https://www.ngdc.noaa.gov/metadata/published/xsd/schema/resources/Codelist/gmxCodelists.xml
Connection: close
Content-Type: text/html; charset=iso-8859-1

 
2017/01/24 14:24:18 
:-( Something went wrong with reaching the server, check link!
%!(EXTRA *exec.ExitError=exit status 6)
2017/01/24 14:24:18 

2017/01/24 14:24:18 
--- BAD LINK ---
File: testfile.xml 
Link: http://www.tc211.org/ISO19139/resources/codeList.xml#SV_CouplingType 
Server Response:  
2017/01/24 14:24:18 
--- BAD LINK ---
File: testfile.xml 
Link: http://data.nodc.noaa.gov/thredds/wms/coaps/samos/KAOU/2012/07/KAOU_20120723v10001.nc?service=WMS&version=1.3.0&request=GetCapabilities 
Server Response: HTTP/1.1 302 Found
Date: Tue, 24 Jan 2017 14:24:18 GMT
Server: Apache
Location: https://data.nodc.noaa.gov/thredds/wms/coaps/samos/KAOU/2012/07/KAOU_20120723v10001.nc?service=WMS&version=1.3.0&request=GetCapabilities
Content-Type: text/html; charset=iso-8859-1

 
2017/01/24 14:24:19 
:-( Something went wrong with reaching the server, check link!
%!(EXTRA *exec.ExitError=exit status 6)
2017/01/24 14:24:19 

2017/01/24 14:24:19 
--- BAD LINK ---
File: testfile.xml 
Link: http://www.tc211.org/ISO19139/resources/codeList.xml#SV_CouplingType 
Server Response:  
2017/01/24 14:24:19 
--- BAD LINK ---
File: testfile.xml 
Link: http://data.nodc.noaa.gov/thredds/wcs/coaps/samos/KAOU/2012/07/KAOU_20120723v10001.nc?service=WCS&version=1.0.0&request=GetCapabilities 
Server Response: HTTP/1.1 302 Found
Date: Tue, 24 Jan 2017 14:24:19 GMT
Server: Apache
Location: https://data.nodc.noaa.gov/thredds/wcs/coaps/samos/KAOU/2012/07/KAOU_20120723v10001.nc?service=WCS&version=1.0.0&request=GetCapabilities
Content-Type: text/html; charset=iso-8859-1

 
2017/01/24 14:24:20 
:-( Something went wrong with reaching the server, check link!
%!(EXTRA *exec.ExitError=exit status 6)
2017/01/24 14:24:20 

2017/01/24 14:24:20 
--- BAD LINK ---
File: testfile.xml 
Link: http://someUnitsDictionary.xml#degrees 
Server Response:  
2017/01/24 14:24:20 
:-( Something went wrong with reaching the server, check link!
%!(EXTRA *exec.ExitError=exit status 6)
2017/01/24 14:24:20 

2017/01/24 14:24:20 
--- BAD LINK ---
File: testfile.xml 
Link: http://someUnitsDictionary.xml#degrees 
Server Response:  
2017/01/24 14:24:20 
:-( Something went wrong with reaching the server, check link!
%!(EXTRA *exec.ExitError=exit status 6)
2017/01/24 14:24:20 

2017/01/24 14:24:20 
--- BAD LINK ---
File: testfile.xml 
Link: http://someUnitsDictionary.xml#degrees 
Server Response:  
2017/01/24 14:24:20 
:-( Something went wrong with reaching the server, check link!
%!(EXTRA *exec.ExitError=exit status 6)
2017/01/24 14:24:20 

2017/01/24 14:24:20 
--- BAD LINK ---
File: testfile.xml 
Link: http://someUnitsDictionary.xml#degrees 
Server Response:  
2017/01/24 14:24:20 
:-( Something went wrong with reaching the server, check link!
%!(EXTRA *exec.ExitError=exit status 6)
2017/01/24 14:24:20 

2017/01/24 14:24:20 
--- BAD LINK ---
File: testfile.xml 
Link: http://someUnitsDictionary.xml#degrees 
Server Response:  
2017/01/24 14:24:20 
:-( Something went wrong with reaching the server, check link!
%!(EXTRA *exec.ExitError=exit status 6)
2017/01/24 14:24:20 

2017/01/24 14:24:20 
--- BAD LINK ---
File: testfile.xml 
Link: http://someUnitsDictionary.xml#degrees 
Server Response:  
2017/01/24 14:24:20 
:-( Something went wrong with reaching the server, check link!
%!(EXTRA *exec.ExitError=exit status 6)
2017/01/24 14:24:20 

2017/01/24 14:24:20 
--- BAD LINK ---
File: testfile.xml 
Link: http://someUnitsDictionary.xml#meter 
Server Response:  
2017/01/24 14:24:20 
:-( Something went wrong with reaching the server, check link!
%!(EXTRA *exec.ExitError=exit status 6)
2017/01/24 14:24:20 

2017/01/24 14:24:20 
--- BAD LINK ---
File: testfile.xml 
Link: http://someUnitsDictionary.xml#meter 
Server Response:  
2017/01/24 14:24:20 
:-( Something went wrong with reaching the server, check link!
%!(EXTRA *exec.ExitError=exit status 6)
2017/01/24 14:24:20 

2017/01/24 14:24:20 
--- BAD LINK ---
File: testfile.xml 
Link: http://someUnitsDictionary.xml#meter 
Server Response:  
2017/01/24 14:24:20 
:-( Something went wrong with reaching the server, check link!
%!(EXTRA *exec.ExitError=exit status 6)
2017/01/24 14:24:20 

2017/01/24 14:24:20 
--- BAD LINK ---
File: testfile.xml 
Link: http://someUnitsDictionary.xml#millibar 
Server Response:  
2017/01/24 14:24:20 
:-( Something went wrong with reaching the server, check link!
%!(EXTRA *exec.ExitError=exit status 6)
2017/01/24 14:24:20 

2017/01/24 14:24:20 
--- BAD LINK ---
File: testfile.xml 
Link: http://someUnitsDictionary.xml#millibar 
Server Response:  
2017/01/24 14:24:20 
:-( Something went wrong with reaching the server, check link!
%!(EXTRA *exec.ExitError=exit status 6)
2017/01/24 14:24:20 

2017/01/24 14:24:20 
--- BAD LINK ---
File: testfile.xml 
Link: http://someUnitsDictionary.xml#celsius 
Server Response:  
2017/01/24 14:24:20 
:-( Something went wrong with reaching the server, check link!
%!(EXTRA *exec.ExitError=exit status 6)
2017/01/24 14:24:20 

2017/01/24 14:24:20 
--- BAD LINK ---
File: testfile.xml 
Link: http://someUnitsDictionary.xml#celsius 
Server Response:  
2017/01/24 14:24:20 
:-( Something went wrong with reaching the server, check link!
%!(EXTRA *exec.ExitError=exit status 6)
2017/01/24 14:24:20 

2017/01/24 14:24:20 
--- BAD LINK ---
File: testfile.xml 
Link: http://someUnitsDictionary.xml#percent 
Server Response:  
2017/01/24 14:24:20 
:-( Something went wrong with reaching the server, check link!
%!(EXTRA *exec.ExitError=exit status 6)
2017/01/24 14:24:20 

2017/01/24 14:24:20 
--- BAD LINK ---
File: testfile.xml 
Link: http://someUnitsDictionary.xml#celsius 
Server Response:  
2017/01/24 14:24:20 
:-( Something went wrong with reaching the server, check link!
%!(EXTRA *exec.ExitError=exit status 6)
2017/01/24 14:24:20 

2017/01/24 14:24:20 
--- BAD LINK ---
File: testfile.xml 
Link: http://someUnitsDictionary.xml#PSU 
Server Response:  
2017/01/24 14:24:20 
:-( Something went wrong with reaching the server, check link!
%!(EXTRA *exec.ExitError=exit status 6)
2017/01/24 14:24:20 

2017/01/24 14:24:20 
--- BAD LINK ---
File: testfile.xml 
Link: http://someUnitsDictionary.xml#siemens 
Server Response:  
2017/01/24 14:24:20 
:-( Something went wrong with reaching the server, check link!
%!(EXTRA *exec.ExitError=exit status 6)
2017/01/24 14:24:20 

2017/01/24 14:24:20 
--- BAD LINK ---
File: testfile.xml 
Link: http://someUnitsDictionary.xml#millimeter 
Server Response:  
2017/01/24 14:24:20 
:-( Something went wrong with reaching the server, check link!
%!(EXTRA *exec.ExitError=exit status 6)
2017/01/24 14:24:20 

2017/01/24 14:24:20 
--- BAD LINK ---
File: testfile.xml 
Link: http://someUnitsDictionary.xml#watts 
Server Response:  
2017/01/24 14:24:20 
:-( Something went wrong with reaching the server, check link!
%!(EXTRA *exec.ExitError=exit status 6)
2017/01/24 14:24:20 

2017/01/24 14:24:20 
--- BAD LINK ---
File: testfile.xml 
Link: http://someUnitsDictionary.xml#watts 
Server Response:  
2017/01/24 14:24:20 
:-( Something went wrong with reaching the server, check link!
%!(EXTRA *exec.ExitError=exit status 6)
2017/01/24 14:24:20 

2017/01/24 14:24:20 
--- BAD LINK ---
File: testfile.xml 
Link: http://someUnitsDictionary.xml#microeinstein 
Server Response:  
2017/01/24 14:24:20 
:-( Something went wrong with reaching the server, check link!
%!(EXTRA *exec.ExitError=exit status 6)
2017/01/24 14:24:20 

2017/01/24 14:24:20 
--- BAD LINK ---
File: testfile.xml 
Link: http://someUnitsDictionary.xml#YYYYMMDD 
Server Response:  
2017/01/24 14:24:20 
:-( Something went wrong with reaching the server, check link!
%!(EXTRA *exec.ExitError=exit status 6)
2017/01/24 14:24:20 

2017/01/24 14:24:20 
--- BAD LINK ---
File: testfile.xml 
Link: http://someUnitsDictionary.xml#hhmmss 
Server Response:  
2017/01/24 14:24:20 
:-( Something went wrong with reaching the server, check link!
%!(EXTRA *exec.ExitError=exit status 6)
2017/01/24 14:24:20 

2017/01/24 14:24:20 
--- BAD LINK ---
File: testfile.xml 
Link: http://someUnitsDictionary.xml# 
Server Response:  
2017/01/24 14:24:20 
:-( Something went wrong with reaching the server, check link!
%!(EXTRA *exec.ExitError=exit status 6)
2017/01/24 14:24:20 

2017/01/24 14:24:20 
--- BAD LINK ---
File: testfile.xml 
Link: http://someUnitsDictionary.xml# 
Server Response:  
2017/01/24 14:24:20 
--- BAD LINK ---
File: testfile.xml 
Link: http://data.nodc.noaa.gov/coaps/samos/KAOU/2012/07/KAOU_20120723v10001.nc 
Server Response: HTTP/1.1 302 Found
Date: Tue, 24 Jan 2017 14:24:20 GMT
Server: Apache
Location: https://data.nodc.noaa.gov/coaps/samos/KAOU/2012/07/KAOU_20120723v10001.nc
Content-Type: text/html; charset=iso-8859-1

 
2017/01/24 14:24:21 
--- BAD LINK ---
File: testfile.xml 
Link: http://data.nodc.noaa.gov/thredds/catalog/coaps/samos/KAOU/2012/07/catalog.html?dataset=coaps/samos/KAOU/2012/07/KAOU_20120723v10001.nc 
Server Response: HTTP/1.1 302 Found
Date: Tue, 24 Jan 2017 14:24:21 GMT
Server: Apache
Location: https://data.nodc.noaa.gov/thredds/catalog/coaps/samos/KAOU/2012/07/catalog.html?dataset=coaps/samos/KAOU/2012/07/KAOU_20120723v10001.nc
Content-Type: text/html; charset=iso-8859-1

 
2017/01/24 14:24:21 
--- BAD LINK ---
File: testfile.xml 
Link: http://data.nodc.noaa.gov/thredds/dodsC/coaps/samos/KAOU/2012/07/KAOU_20120723v10001.nc.html 
Server Response: HTTP/1.1 302 Found
Date: Tue, 24 Jan 2017 14:24:21 GMT
Server: Apache
Location: https://data.nodc.noaa.gov/thredds/dodsC/coaps/samos/KAOU/2012/07/KAOU_20120723v10001.nc.html
Content-Type: text/html; charset=iso-8859-1

 
2017/01/24 14:24:22 
Number of questionable links found in testfile.xml: 53 
2017/01/24 14:24:22 
Number of working links found in testfile.xml: 23 
2017/01/24 14:24:22 

2017/01/24 14:24:22 
Number of all links found in testfile.xml: 76 
